\BOOKMARK [1][-]{section.1}{Introduction}{}% 1
\BOOKMARK [1][-]{section.2}{Description}{}% 2
\BOOKMARK [2][-]{subsection.2.1}{Parabolic Heat Conduction}{section.2}% 3
\BOOKMARK [2][-]{subsection.2.2}{Hyperbolic Heat Conduction}{section.2}% 4
\BOOKMARK [1][-]{section.3}{Linear Analysis}{}% 5
\BOOKMARK [2][-]{subsection.3.1}{Dispersion Relation}{section.3}% 6
\BOOKMARK [3][-]{subsubsection.3.1.1}{Parabolic}{subsection.3.1}% 7
\BOOKMARK [3][-]{subsubsection.3.1.2}{Hyperbolic}{subsection.3.1}% 8
\BOOKMARK [2][-]{subsection.3.2}{Analytic Solution}{section.3}% 9
\BOOKMARK [3][-]{subsubsection.3.2.1}{Parabolic}{subsection.3.2}% 10
\BOOKMARK [3][-]{subsubsection.3.2.2}{Hyperbolic}{subsection.3.2}% 11
\BOOKMARK [1][-]{section.4}{Numerical Implementation}{}% 12
\BOOKMARK [2][-]{subsection.4.1}{Explicit Finite-difference}{section.4}% 13
\BOOKMARK [3][-]{subsubsection.4.1.1}{Parabolic}{subsection.4.1}% 14
\BOOKMARK [3][-]{subsubsection.4.1.2}{Hyperbolic}{subsection.4.1}% 15
\BOOKMARK [2][-]{subsection.4.2}{Von Neumann Stability Analysis}{section.4}% 16
\BOOKMARK [3][-]{subsubsection.4.2.1}{Parabolic}{subsection.4.2}% 17
\BOOKMARK [3][-]{subsubsection.4.2.2}{Hyperbolic}{subsection.4.2}% 18
\BOOKMARK [1][-]{section.5}{Results}{}% 19
\BOOKMARK [1][-]{section.6}{Conclusion}{}% 20
\BOOKMARK [1][-]{section.7}{Appendix}{}% 21
